<?xml version="1.0" encoding="UTF-8"?>
<coverage generated="1789749984020" clover="3.2.0">
  <project timestamp="1789749984020" name="All files">
    <metrics statements="231" coveredstatements="231" conditionals="119" coveredconditionals="97" methods="31" coveredmethods="31" elements="381" coveredelements="359" complexity="0" loc="231" ncloc="231" packages="1" files="2" classes="2"/>
    <file name="cities.js" path="C:\Users\Mati\Desktop\ELD\frontend\src\lib\cities.js">
      <metrics statements="11" coveredstatements="11" conditionals="11" coveredconditionals="11" methods="1" coveredmethods="1"/>
      <line num="14" count="1" type="stmt"/>
      <line num="94" count="15" type="cond" truecount="2" falsecount="0"/>
      <line num="95" count="15" type="cond" truecount="2" falsecount="0"/>
      <line num="97" count="9" type="stmt"/>
      <line num="98" count="9" type="stmt"/>
      <line num="99" count="9" type="stmt"/>
      <line num="100" count="2247" type="stmt"/>
      <line num="101" count="2247" type="cond" truecount="2" falsecount="0"/>
      <line num="102" count="2234" type="cond" truecount="2" falsecount="0"/>
      <line num="103" count="2247" type="cond" truecount="2" falsecount="0"/>
      <line num="105" count="9" type="stmt"/>
    </file>
    <file name="logsheet.js" path="C:\Users\Mati\Desktop\ELD\frontend\src\lib\logsheet.js">
      <metrics statements="220" coveredstatements="220" conditionals="108" coveredconditionals="86" methods="30" coveredmethods="30"/>
      <line num="13" count="1" type="stmt"/>
      <line num="14" count="1" type="stmt"/>
      <line num="16" count="1" type="stmt"/>
      <line num="17" count="1" type="stmt"/>
      <line num="18" count="1" type="stmt"/>
      <line num="19" count="1" type="stmt"/>
      <line num="20" count="1" type="stmt"/>
      <line num="21" count="1" type="stmt"/>
      <line num="22" count="1" type="stmt"/>
      <line num="23" count="1" type="stmt"/>
      <line num="24" count="1" type="stmt"/>
      <line num="26" count="1" type="stmt"/>
      <line num="33" count="1" type="stmt"/>
      <line num="35" count="1" type="stmt"/>
      <line num="36" count="1" type="stmt"/>
      <line num="37" count="1" type="stmt"/>
      <line num="38" count="1" type="stmt"/>
      <line num="39" count="1" type="stmt"/>
      <line num="44" count="1" type="stmt"/>
      <line num="45" count="936" type="cond" truecount="1" falsecount="1"/>
      <line num="51" count="1340" type="stmt"/>
      <line num="52" count="91" type="stmt"/>
      <line num="53" count="91" type="stmt"/>
      <line num="55" count="1" type="stmt"/>
      <line num="56" count="64" type="stmt"/>
      <line num="57" count="64" type="stmt"/>
      <line num="58" count="64" type="stmt"/>
      <line num="59" count="64" type="stmt"/>
      <line num="62" count="1" type="stmt"/>
      <line num="63" count="32" type="stmt"/>
      <line num="64" count="32" type="stmt"/>
      <line num="65" count="32" type="stmt"/>
      <line num="68" count="1" type="stmt"/>
      <line num="69" count="8" type="stmt"/>
      <line num="70" count="8" type="stmt"/>
      <line num="73" count="1" type="cond" truecount="1" falsecount="0"/>
      <line num="82" count="928" type="stmt"/>
      <line num="83" count="928" type="stmt"/>
      <line num="88" count="1" type="cond" truecount="1" falsecount="0"/>
      <line num="89" count="88" type="cond" truecount="3" falsecount="0"/>
      <line num="90" count="88" type="stmt"/>
      <line num="93" count="1" type="cond" truecount="1" falsecount="0"/>
      <line num="94" count="5232" type="cond" truecount="3" falsecount="0"/>
      <line num="95" count="5232" type="stmt"/>
      <line num="101" count="1" type="cond" truecount="1" falsecount="0"/>
      <line num="102" count="56" type="cond" truecount="2" falsecount="0"/>
      <line num="103" count="56" type="stmt"/>
      <line num="104" count="56" type="cond" truecount="1" falsecount="1"/>
      <line num="105" count="56" type="stmt"/>
      <line num="111" count="56" type="cond" truecount="2" falsecount="0"/>
      <line num="112" count="32" type="stmt"/>
      <line num="118" count="56" type="stmt"/>
      <line num="125" count="8" type="stmt"/>
      <line num="126" count="8" type="stmt"/>
      <line num="128" count="8" type="stmt"/>
      <line num="129" count="8" type="stmt"/>
      <line num="132" count="8" type="stmt"/>
      <line num="133" count="8" type="stmt"/>
      <line num="134" count="8" type="stmt"/>
      <line num="135" count="24" type="stmt"/>
      <line num="136" count="24" type="stmt"/>
      <line num="137" count="24" type="stmt"/>
      <line num="138" count="24" type="stmt"/>
      <line num="140" count="8" type="stmt"/>
      <line num="141" count="8" type="stmt"/>
      <line num="142" count="8" type="stmt"/>
      <line num="143" count="8" type="stmt"/>
      <line num="144" count="8" type="stmt"/>
      <line num="146" count="8" type="stmt"/>
      <line num="152" count="8" type="stmt"/>
      <line num="160" count="8" type="stmt"/>
      <line num="161" count="8" type="stmt"/>
      <line num="162" count="8" type="stmt"/>
      <line num="163" count="8" type="cond" truecount="1" falsecount="2"/>
      <line num="165" count="8" type="stmt"/>
      <line num="166" count="8" type="stmt"/>
      <line num="167" count="8" type="cond" truecount="1" falsecount="2"/>
      <line num="170" count="8" type="stmt"/>
      <line num="171" count="8" type="stmt"/>
      <line num="172" count="8" type="cond" truecount="1" falsecount="1"/>
      <line num="173" count="8" type="cond" truecount="1" falsecount="1"/>
      <line num="174" count="8" type="cond" truecount="2" falsecount="0"/>
      <line num="176" count="8" type="stmt"/>
      <line num="177" count="8" type="cond" truecount="2" falsecount="0"/>
      <line num="178" count="8" type="cond" truecount="2" falsecount="0"/>
      <line num="180" count="8" type="stmt"/>
      <line num="181" count="8" type="cond" truecount="2" falsecount="0"/>
      <line num="182" count="8" type="cond" truecount="2" falsecount="0"/>
      <line num="184" count="8" type="stmt"/>
      <line num="188" count="8" type="stmt"/>
      <line num="191" count="8" type="stmt"/>
      <line num="192" count="8" type="stmt"/>
      <line num="194" count="8" type="stmt"/>
      <line num="198" count="8" type="stmt"/>
      <line num="199" count="192" type="stmt"/>
      <line num="200" count="192" type="stmt"/>
      <line num="201" count="192" type="cond" truecount="2" falsecount="0"/>
      <line num="202" count="8" type="stmt"/>
      <line num="203" count="8" type="stmt"/>
      <line num="205" count="184" type="stmt"/>
      <line num="214" count="8" type="stmt"/>
      <line num="215" count="8" type="stmt"/>
      <line num="218" count="8" type="stmt"/>
      <line num="219" count="8" type="stmt"/>
      <line num="222" count="8" type="stmt"/>
      <line num="225" count="8" type="stmt"/>
      <line num="226" count="32" type="stmt"/>
      <line num="227" count="32" type="stmt"/>
      <line num="228" count="32" type="stmt"/>
      <line num="229" count="32" type="cond" truecount="2" falsecount="0"/>
      <line num="231" count="32" type="cond" truecount="2" falsecount="0"/>
      <line num="232" count="8" type="stmt"/>
      <line num="237" count="8" type="stmt"/>
      <line num="238" count="200" type="stmt"/>
      <line num="239" count="200" type="cond" truecount="2" falsecount="0"/>
      <line num="240" count="200" type="cond" truecount="2" falsecount="0"/>
      <line num="241" count="192" type="stmt"/>
      <line num="242" count="576" type="stmt"/>
      <line num="245" count="576" type="stmt"/>
      <line num="246" count="2304" type="stmt"/>
      <line num="247" count="2304" type="cond" truecount="2" falsecount="0"/>
      <line num="248" count="2304" type="stmt"/>
      <line num="249" count="2304" type="stmt"/>
      <line num="254" count="200" type="stmt"/>
      <line num="258" count="42" type="cond" truecount="1" falsecount="1"/>
      <line num="259" count="8" type="cond" truecount="2" falsecount="0"/>
      <line num="261" count="7" type="stmt"/>
      <line num="262" count="7" type="stmt"/>
      <line num="263" count="7" type="stmt"/>
      <line num="265" count="7" type="stmt"/>
      <line num="266" count="49" type="stmt"/>
      <line num="267" count="49" type="stmt"/>
      <line num="268" count="49" type="stmt"/>
      <line num="269" count="49" type="cond" truecount="4" falsecount="0"/>
      <line num="271" count="42" type="stmt"/>
      <line num="272" count="7" type="cond" truecount="1" falsecount="1"/>
      <line num="273" count="7" type="stmt"/>
      <line num="275" count="49" type="stmt"/>
      <line num="276" count="49" type="stmt"/>
      <line num="279" count="7" type="stmt"/>
      <line num="282" count="7" type="stmt"/>
      <line num="283" count="7" type="stmt"/>
      <line num="284" count="49" type="cond" truecount="2" falsecount="0"/>
      <line num="285" count="42" type="stmt"/>
      <line num="286" count="42" type="stmt"/>
      <line num="287" count="42" type="stmt"/>
      <line num="290" count="7" type="stmt"/>
      <line num="294" count="8" type="stmt"/>
      <line num="295" count="8" type="stmt"/>
      <line num="296" count="8" type="stmt"/>
      <line num="297" count="32" type="stmt"/>
      <line num="298" count="32" type="cond" truecount="2" falsecount="0"/>
      <line num="299" count="32" type="cond" truecount="1" falsecount="1"/>
      <line num="300" count="32" type="stmt"/>
      <line num="308" count="8" type="cond" truecount="1" falsecount="1"/>
      <line num="311" count="8" type="stmt"/>
      <line num="312" count="8" type="stmt"/>
      <line num="316" count="8" type="stmt"/>
      <line num="317" count="8" type="stmt"/>
      <line num="318" count="8" type="stmt"/>
      <line num="320" count="8" type="stmt"/>
      <line num="321" count="8" type="stmt"/>
      <line num="325" count="8" type="stmt"/>
      <line num="326" count="200" type="stmt"/>
      <line num="327" count="200" type="cond" truecount="3" falsecount="1"/>
      <line num="328" count="200" type="stmt"/>
      <line num="332" count="32" type="cond" truecount="3" falsecount="1"/>
      <line num="334" count="8" type="stmt"/>
      <line num="335" count="32" type="stmt"/>
      <line num="336" count="32" type="stmt"/>
      <line num="337" count="32" type="stmt"/>
      <line num="338" count="32" type="stmt"/>
      <line num="339" count="32" type="stmt"/>
      <line num="340" count="32" type="stmt"/>
      <line num="341" count="32" type="cond" truecount="1" falsecount="1"/>
      <line num="342" count="32" type="stmt"/>
      <line num="346" count="8" type="stmt"/>
      <line num="352" count="8" type="stmt"/>
      <line num="357" count="8" type="stmt"/>
      <line num="358" count="8" type="stmt"/>
      <line num="359" count="8" type="stmt"/>
      <line num="360" count="8" type="stmt"/>
      <line num="361" count="8" type="stmt"/>
      <line num="362" count="8" type="stmt"/>
      <line num="364" count="8" type="stmt"/>
      <line num="368" count="8" type="cond" truecount="1" falsecount="1"/>
      <line num="369" count="8" type="stmt"/>
      <line num="370" count="8" type="stmt"/>
      <line num="371" count="8" type="stmt"/>
      <line num="373" count="8" type="stmt"/>
      <line num="374" count="8" type="stmt"/>
      <line num="375" count="8" type="stmt"/>
      <line num="377" count="8" type="stmt"/>
      <line num="378" count="16" type="stmt"/>
      <line num="379" count="16" type="stmt"/>
      <line num="380" count="16" type="stmt"/>
      <line num="381" count="16" type="stmt"/>
      <line num="382" count="48" type="stmt"/>
      <line num="383" count="48" type="stmt"/>
      <line num="384" count="48" type="cond" truecount="2" falsecount="0"/>
      <line num="385" count="48" type="stmt"/>
      <line num="386" count="48" type="stmt"/>
      <line num="387" count="48" type="stmt"/>
      <line num="388" count="48" type="stmt"/>
      <line num="390" count="16" type="stmt"/>
      <line num="394" count="8" type="stmt"/>
      <line num="395" count="8" type="stmt"/>
      <line num="396" count="8" type="stmt"/>
      <line num="397" count="8" type="cond" truecount="1" falsecount="1"/>
      <line num="401" count="8" type="stmt"/>
      <line num="402" count="8" type="stmt"/>
      <line num="403" count="8" type="stmt"/>
      <line num="409" count="8" type="stmt"/>
      <line num="410" count="8" type="stmt"/>
      <line num="411" count="8" type="stmt"/>
      <line num="417" count="8" type="stmt"/>
      <line num="424" count="8" type="stmt"/>
      <line num="425" count="8" type="stmt"/>
      <line num="441" count="8" type="stmt"/>
      <line num="445" count="1" type="stmt"/>
    </file>
  </project>
</coverage>
