{"C:\\Users\\Mati\\Desktop\\ELD\\frontend\\src\\lib\\cities.js": {"path":"C:\\Users\\Mati\\Desktop\\ELD\\frontend\\src\\lib\\cities.js","statementMap":{"0":{"start":{"line":14,"column":22},"end":{"line":90,"column":1}},"1":{"start":{"line":94,"column":12},"end":{"line":94,"column":46}},"2":{"start":{"line":95,"column":2},"end":{"line":95,"column":30}},"3":{"start":{"line":95,"column":20},"end":{"line":95,"column":30}},"4":{"start":{"line":97,"column":17},"end":{"line":97,"column":19}},"5":{"start":{"line":98,"column":19},"end":{"line":98,"column":21}},"6":{"start":{"line":99,"column":2},"end":{"line":104,"column":3}},"7":{"start":{"line":100,"column":18},"end":{"line":100,"column":36}},"8":{"start":{"line":101,"column":4},"end":{"line":102,"column":52}},"9":{"start":{"line":101,"column":29},"end":{"line":101,"column":47}},"10":{"start":{"line":102,"column":9},"end":{"line":102,"column":52}},"11":{"start":{"line":102,"column":32},"end":{"line":102,"column":52}},"12":{"start":{"line":103,"column":4},"end":{"line":103,"column":38}},"13":{"start":{"line":103,"column":32},"end":{"line":103,"column":38}},"14":{"start":{"line":105,"column":2},"end":{"line":105,"column":50}}},"fnMap":{"0":{"name":"searchCities","decl":{"start":{"line":93,"column":16},"end":{"line":93,"column":28}},"loc":{"start":{"line":93,"column":47},"end":{"line":106,"column":1}},"line":93}},"branchMap":{"0":{"loc":{"start":{"line":93,"column":36},"end":{"line":93,"column":45}},"type":"default-arg","locations":[{"start":{"line":93,"column":44},"end":{"line":93,"column":45}}],"line":93},"1":{"loc":{"start":{"line":94,"column":13},"end":{"line":94,"column":24}},"type":"binary-expr","locations":[{"start":{"line":94,"column":13},"end":{"line":94,"column":18}},{"start":{"line":94,"column":22},"end":{"line":94,"column":24}}],"line":94},"2":{"loc":{"start":{"line":95,"column":2},"end":{"line":95,"column":30}},"type":"if","locations":[{"start":{"line":95,"column":2},"end":{"line":95,"column":30}},{"start":{},"end":{}}],"line":95},"3":{"loc":{"start":{"line":101,"column":4},"end":{"line":102,"column":52}},"type":"if","locations":[{"start":{"line":101,"column":4},"end":{"line":102,"column":52}},{"start":{"line":102,"column":9},"end":{"line":102,"column":52}}],"line":101},"4":{"loc":{"start":{"line":102,"column":9},"end":{"line":102,"column":52}},"type":"if","locations":[{"start":{"line":102,"column":9},"end":{"line":102,"column":52}},{"start":{},"end":{}}],"line":102},"5":{"loc":{"start":{"line":103,"column":4},"end":{"line":103,"column":38}},"type":"if","locations":[{"start":{"line":103,"column":4},"end":{"line":103,"column":38}},{"start":{},"end":{}}],"line":103}},"s":{"0":1,"1":15,"2":15,"3":6,"4":9,"5":9,"6":9,"7":2247,"8":2247,"9":13,"10":2234,"11":44,"12":2247,"13":2,"14":9},"f":{"0":15},"b":{"0":[15],"1":[15,3],"2":[6,9],"3":[13,2234],"4":[44,2190],"5":[2,2245]},"meta":{"lastBranch":6,"lastFunction":1,"lastStatement":15,"seen":{"s:14:22:90:1":0,"f:93:16:93:28":0,"b:93:44:93:45":0,"s:94:12:94:46":1,"b:94:13:94:18:94:22:94:24":1,"b:95:2:95:30:undefined:undefined:undefined:undefined":2,"s:95:2:95:30":2,"s:95:20:95:30":3,"s:97:17:97:19":4,"s:98:19:98:21":5,"s:99:2:104:3":6,"s:100:18:100:36":7,"b:101:4:102:52:102:9:102:52":3,"s:101:4:102:52":8,"s:101:29:101:47":9,"b:102:9:102:52:undefined:undefined:undefined:undefined":4,"s:102:9:102:52":10,"s:102:32:102:52":11,"b:103:4:103:38:undefined:undefined:undefined:undefined":5,"s:103:4:103:38":12,"s:103:32:103:38":13,"s:105:2:105:50":14},"fnNames":{}}}
,"C:\\Users\\Mati\\Desktop\\ELD\\frontend\\src\\lib\\logsheet.js": {"path":"C:\\Users\\Mati\\Desktop\\ELD\\frontend\\src\\lib\\logsheet.js","statementMap":{"0":{"start":{"line":13,"column":23},"end":{"line":13,"column":27}},"1":{"start":{"line":14,"column":23},"end":{"line":14,"column":26}},"2":{"start":{"line":16,"column":10},"end":{"line":16,"column":12}},"3":{"start":{"line":17,"column":15},"end":{"line":17,"column":18}},"4":{"start":{"line":18,"column":15},"end":{"line":18,"column":18}},"5":{"start":{"line":19,"column":15},"end":{"line":19,"column":30}},"6":{"start":{"line":20,"column":16},"end":{"line":20,"column":27}},"7":{"start":{"line":21,"column":14},"end":{"line":21,"column":16}},"8":{"start":{"line":22,"column":14},"end":{"line":22,"column":16}},"9":{"start":{"line":23,"column":17},"end":{"line":23,"column":20}},"10":{"start":{"line":24,"column":20},"end":{"line":24,"column":48}},"11":{"start":{"line":26,"column":13},"end":{"line":31,"column":1}},"12":{"start":{"line":33,"column":18},"end":{"line":33,"column":48}},"13":{"start":{"line":35,"column":12},"end":{"line":35,"column":21}},"14":{"start":{"line":36,"column":13},"end":{"line":36,"column":22}},"15":{"start":{"line":37,"column":14},"end":{"line":37,"column":23}},"16":{"start":{"line":38,"column":13},"end":{"line":38,"column":22}},"17":{"start":{"line":39,"column":15},"end":{"line":39,"column":16}},"18":{"start":{"line":44,"column":12},"end":{"line":49,"column":28}},"19":{"start":{"line":45,"column":2},"end":{"line":49,"column":28}},"20":{"start":{"line":51,"column":12},"end":{"line":51,"column":80}},"21":{"start":{"line":51,"column":21},"end":{"line":51,"column":80}},"22":{"start":{"line":52,"column":13},"end":{"line":52,"column":63}},"23":{"start":{"line":52,"column":22},"end":{"line":52,"column":63}},"24":{"start":{"line":53,"column":15},"end":{"line":53,"column":45}},"25":{"start":{"line":53,"column":24},"end":{"line":53,"column":45}},"26":{"start":{"line":55,"column":13},"end":{"line":60,"column":1}},"27":{"start":{"line":56,"column":16},"end":{"line":56,"column":34}},"28":{"start":{"line":57,"column":13},"end":{"line":57,"column":35}},"29":{"start":{"line":58,"column":13},"end":{"line":58,"column":23}},"30":{"start":{"line":59,"column":2},"end":{"line":59,"column":48}},"31":{"start":{"line":62,"column":19},"end":{"line":66,"column":1}},"32":{"start":{"line":63,"column":12},"end":{"line":63,"column":32}},"33":{"start":{"line":64,"column":12},"end":{"line":64,"column":32}},"34":{"start":{"line":65,"column":2},"end":{"line":65,"column":71}},"35":{"start":{"line":68,"column":16},"end":{"line":71,"column":1}},"36":{"start":{"line":69,"column":20},"end":{"line":69,"column":42}},"37":{"start":{"line":70,"column":2},"end":{"line":70,"column":21}},"38":{"start":{"line":73,"column":13},"end":{"line":86,"column":1}},"39":{"start":{"line":82,"column":6},"end":{"line":82,"column":10}},"40":{"start":{"line":83,"column":2},"end":{"line":85,"column":69}},"41":{"start":{"line":88,"column":13},"end":{"line":91,"column":1}},"42":{"start":{"line":89,"column":51},"end":{"line":89,"column":55}},"43":{"start":{"line":90,"column":2},"end":{"line":90,"column":119}},"44":{"start":{"line":93,"column":13},"end":{"line":98,"column":1}},"45":{"start":{"line":94,"column":47},"end":{"line":94,"column":51}},"46":{"start":{"line":95,"column":2},"end":{"line":97,"column":7}},"47":{"start":{"line":101,"column":17},"end":{"line":119,"column":1}},"48":{"start":{"line":102,"column":50},"end":{"line":102,"column":54}},"49":{"start":{"line":103,"column":12},"end":{"line":103,"column":28}},"50":{"start":{"line":104,"column":2},"end":{"line":110,"column":3}},"51":{"start":{"line":105,"column":4},"end":{"line":109,"column":7}},"52":{"start":{"line":111,"column":2},"end":{"line":117,"column":3}},"53":{"start":{"line":112,"column":4},"end":{"line":116,"column":7}},"54":{"start":{"line":118,"column":2},"end":{"line":118,"column":13}},"55":{"start":{"line":125,"column":22},"end":{"line":125,"column":39}},"56":{"start":{"line":126,"column":10},"end":{"line":126,"column":12}},"57":{"start":{"line":128,"column":2},"end":{"line":128,"column":72}},"58":{"start":{"line":129,"column":2},"end":{"line":129,"column":67}},"59":{"start":{"line":132,"column":13},"end":{"line":132,"column":16}},"60":{"start":{"line":133,"column":13},"end":{"line":133,"column":19}},"61":{"start":{"line":134,"column":15},"end":{"line":139,"column":3}},"62":{"start":{"line":135,"column":12},"end":{"line":135,"column":45}},"63":{"start":{"line":136,"column":4},"end":{"line":136,"column":83}},"64":{"start":{"line":137,"column":4},"end":{"line":137,"column":89}},"65":{"start":{"line":138,"column":4},"end":{"line":138,"column":13}},"66":{"start":{"line":140,"column":2},"end":{"line":140,"column":34}},"67":{"start":{"line":141,"column":2},"end":{"line":141,"column":61}},"68":{"start":{"line":142,"column":2},"end":{"line":142,"column":37}},"69":{"start":{"line":143,"column":2},"end":{"line":143,"column":62}},"70":{"start":{"line":144,"column":2},"end":{"line":144,"column":39}},"71":{"start":{"line":146,"column":2},"end":{"line":151,"column":4}},"72":{"start":{"line":152,"column":2},"end":{"line":157,"column":4}},"73":{"start":{"line":160,"column":13},"end":{"line":160,"column":19}},"74":{"start":{"line":161,"column":2},"end":{"line":161,"column":56}},"75":{"start":{"line":162,"column":2},"end":{"line":162,"column":41}},"76":{"start":{"line":163,"column":2},"end":{"line":163,"column":79}},"77":{"start":{"line":165,"column":2},"end":{"line":165,"column":56}},"78":{"start":{"line":166,"column":2},"end":{"line":166,"column":46}},"79":{"start":{"line":167,"column":2},"end":{"line":167,"column":72}},"80":{"start":{"line":170,"column":13},"end":{"line":170,"column":19}},"81":{"start":{"line":171,"column":13},"end":{"line":171,"column":15}},"82":{"start":{"line":172,"column":2},"end":{"line":172,"column":93}},"83":{"start":{"line":173,"column":2},"end":{"line":173,"column":93}},"84":{"start":{"line":174,"column":2},"end":{"line":174,"column":114}},"85":{"start":{"line":176,"column":14},"end":{"line":176,"column":26}},"86":{"start":{"line":177,"column":2},"end":{"line":177,"column":138}},"87":{"start":{"line":178,"column":2},"end":{"line":178,"column":106}},"88":{"start":{"line":180,"column":14},"end":{"line":180,"column":27}},"89":{"start":{"line":181,"column":2},"end":{"line":181,"column":86}},"90":{"start":{"line":182,"column":2},"end":{"line":182,"column":110}},"91":{"start":{"line":184,"column":2},"end":{"line":184,"column":11}},"92":{"start":{"line":188,"column":10},"end":{"line":188,"column":12}},"93":{"start":{"line":191,"column":2},"end":{"line":191,"column":98}},"94":{"start":{"line":192,"column":2},"end":{"line":192,"column":70}},"95":{"start":{"line":194,"column":17},"end":{"line":197,"column":3}},"96":{"start":{"line":198,"column":2},"end":{"line":212,"column":3}},"97":{"start":{"line":198,"column":15},"end":{"line":198,"column":16}},"98":{"start":{"line":199,"column":15},"end":{"line":199,"column":31}},"99":{"start":{"line":200,"column":18},"end":{"line":200,"column":27}},"100":{"start":{"line":201,"column":4},"end":{"line":211,"column":5}},"101":{"start":{"line":202,"column":6},"end":{"line":202,"column":89}},"102":{"start":{"line":203,"column":6},"end":{"line":203,"column":93}},"103":{"start":{"line":205,"column":6},"end":{"line":210,"column":9}},"104":{"start":{"line":214,"column":2},"end":{"line":214,"column":72}},"105":{"start":{"line":215,"column":2},"end":{"line":215,"column":76}},"106":{"start":{"line":218,"column":2},"end":{"line":218,"column":92}},"107":{"start":{"line":219,"column":2},"end":{"line":221,"column":5}},"108":{"start":{"line":222,"column":2},"end":{"line":222,"column":70}},"109":{"start":{"line":225,"column":2},"end":{"line":234,"column":5}},"110":{"start":{"line":226,"column":14},"end":{"line":226,"column":42}},"111":{"start":{"line":227,"column":4},"end":{"line":227,"column":69}},"112":{"start":{"line":228,"column":4},"end":{"line":228,"column":65}},"113":{"start":{"line":229,"column":4},"end":{"line":229,"column":58}},"114":{"start":{"line":229,"column":15},"end":{"line":229,"column":58}},"115":{"start":{"line":231,"column":4},"end":{"line":233,"column":5}},"116":{"start":{"line":232,"column":6},"end":{"line":232,"column":111}},"117":{"start":{"line":237,"column":2},"end":{"line":252,"column":3}},"118":{"start":{"line":237,"column":15},"end":{"line":237,"column":16}},"119":{"start":{"line":238,"column":14},"end":{"line":238,"column":25}},"120":{"start":{"line":239,"column":4},"end":{"line":239,"column":98}},"121":{"start":{"line":240,"column":4},"end":{"line":240,"column":24}},"122":{"start":{"line":240,"column":18},"end":{"line":240,"column":24}},"123":{"start":{"line":241,"column":4},"end":{"line":251,"column":5}},"124":{"start":{"line":241,"column":17},"end":{"line":241,"column":18}},"125":{"start":{"line":242,"column":17},"end":{"line":242,"column":37}},"126":{"start":{"line":245,"column":6},"end":{"line":250,"column":9}},"127":{"start":{"line":246,"column":19},"end":{"line":246,"column":47}},"128":{"start":{"line":247,"column":20},"end":{"line":247,"column":57}},"129":{"start":{"line":248,"column":8},"end":{"line":248,"column":68}},"130":{"start":{"line":249,"column":8},"end":{"line":249,"column":84}},"131":{"start":{"line":254,"column":2},"end":{"line":254,"column":11}},"132":{"start":{"line":258,"column":18},"end":{"line":258,"column":84}},"133":{"start":{"line":258,"column":58},"end":{"line":258,"column":83}},"134":{"start":{"line":259,"column":2},"end":{"line":259,"column":33}},"135":{"start":{"line":259,"column":23},"end":{"line":259,"column":33}},"136":{"start":{"line":261,"column":13},"end":{"line":261,"column":15}},"137":{"start":{"line":262,"column":13},"end":{"line":262,"column":17}},"138":{"start":{"line":263,"column":14},"end":{"line":263,"column":16}},"139":{"start":{"line":265,"column":2},"end":{"line":277,"column":5}},"140":{"start":{"line":266,"column":14},"end":{"line":266,"column":30}},"141":{"start":{"line":267,"column":15},"end":{"line":267,"column":31}},"142":{"start":{"line":268,"column":15},"end":{"line":268,"column":29}},"143":{"start":{"line":269,"column":4},"end":{"line":274,"column":5}},"144":{"start":{"line":271,"column":6},"end":{"line":271,"column":53}},"145":{"start":{"line":272,"column":11},"end":{"line":274,"column":5}},"146":{"start":{"line":273,"column":6},"end":{"line":273,"column":53}},"147":{"start":{"line":275,"column":4},"end":{"line":275,"column":51}},"148":{"start":{"line":276,"column":4},"end":{"line":276,"column":24}},"149":{"start":{"line":279,"column":2},"end":{"line":279,"column":140}},"150":{"start":{"line":282,"column":14},"end":{"line":282,"column":16}},"151":{"start":{"line":283,"column":2},"end":{"line":288,"column":5}},"152":{"start":{"line":284,"column":4},"end":{"line":284,"column":24}},"153":{"start":{"line":284,"column":17},"end":{"line":284,"column":24}},"154":{"start":{"line":285,"column":14},"end":{"line":285,"column":30}},"155":{"start":{"line":286,"column":14},"end":{"line":286,"column":30}},"156":{"start":{"line":287,"column":4},"end":{"line":287,"column":90}},"157":{"start":{"line":290,"column":2},"end":{"line":290,"column":22}},"158":{"start":{"line":294,"column":10},"end":{"line":294,"column":12}},"159":{"start":{"line":295,"column":13},"end":{"line":295,"column":54}},"160":{"start":{"line":296,"column":2},"end":{"line":306,"column":5}},"161":{"start":{"line":297,"column":14},"end":{"line":297,"column":42}},"162":{"start":{"line":298,"column":4},"end":{"line":298,"column":53}},"163":{"start":{"line":298,"column":15},"end":{"line":298,"column":53}},"164":{"start":{"line":299,"column":14},"end":{"line":299,"column":38}},"165":{"start":{"line":300,"column":4},"end":{"line":305,"column":7}},"166":{"start":{"line":308,"column":2},"end":{"line":310,"column":5}},"167":{"start":{"line":311,"column":2},"end":{"line":311,"column":81}},"168":{"start":{"line":312,"column":2},"end":{"line":312,"column":11}},"169":{"start":{"line":316,"column":14},"end":{"line":316,"column":30}},"170":{"start":{"line":317,"column":12},"end":{"line":317,"column":15}},"171":{"start":{"line":318,"column":10},"end":{"line":318,"column":12}},"172":{"start":{"line":320,"column":2},"end":{"line":320,"column":63}},"173":{"start":{"line":321,"column":2},"end":{"line":321,"column":46}},"174":{"start":{"line":325,"column":2},"end":{"line":330,"column":3}},"175":{"start":{"line":325,"column":16},"end":{"line":325,"column":17}},"176":{"start":{"line":326,"column":14},"end":{"line":326,"column":26}},"177":{"start":{"line":327,"column":4},"end":{"line":329,"column":5}},"178":{"start":{"line":328,"column":6},"end":{"line":328,"column":64}},"179":{"start":{"line":332,"column":16},"end":{"line":332,"column":82}},"180":{"start":{"line":332,"column":50},"end":{"line":332,"column":81}},"181":{"start":{"line":334,"column":2},"end":{"line":344,"column":5}},"182":{"start":{"line":335,"column":14},"end":{"line":335,"column":74}},"183":{"start":{"line":336,"column":17},"end":{"line":336,"column":22}},"184":{"start":{"line":337,"column":14},"end":{"line":337,"column":34}},"185":{"start":{"line":338,"column":4},"end":{"line":338,"column":68}},"186":{"start":{"line":339,"column":4},"end":{"line":339,"column":70}},"187":{"start":{"line":340,"column":4},"end":{"line":340,"column":96}},"188":{"start":{"line":341,"column":4},"end":{"line":343,"column":5}},"189":{"start":{"line":342,"column":6},"end":{"line":342,"column":76}},"190":{"start":{"line":346,"column":2},"end":{"line":351,"column":4}},"191":{"start":{"line":352,"column":2},"end":{"line":354,"column":5}},"192":{"start":{"line":357,"column":2},"end":{"line":357,"column":65}},"193":{"start":{"line":358,"column":2},"end":{"line":358,"column":67}},"194":{"start":{"line":359,"column":2},"end":{"line":359,"column":61}},"195":{"start":{"line":360,"column":2},"end":{"line":360,"column":80}},"196":{"start":{"line":361,"column":2},"end":{"line":361,"column":61}},"197":{"start":{"line":362,"column":2},"end":{"line":362,"column":80}},"198":{"start":{"line":364,"column":2},"end":{"line":364,"column":42}},"199":{"start":{"line":368,"column":14},"end":{"line":368,"column":29}},"200":{"start":{"line":369,"column":10},"end":{"line":369,"column":12}},"201":{"start":{"line":370,"column":12},"end":{"line":370,"column":14}},"202":{"start":{"line":371,"column":2},"end":{"line":371,"column":36}},"203":{"start":{"line":373,"column":2},"end":{"line":373,"column":67}},"204":{"start":{"line":374,"column":2},"end":{"line":374,"column":74}},"205":{"start":{"line":375,"column":2},"end":{"line":375,"column":73}},"206":{"start":{"line":377,"column":14},"end":{"line":391,"column":3}},"207":{"start":{"line":378,"column":12},"end":{"line":378,"column":47}},"208":{"start":{"line":379,"column":4},"end":{"line":379,"column":86}},"209":{"start":{"line":380,"column":4},"end":{"line":380,"column":57}},"210":{"start":{"line":381,"column":4},"end":{"line":389,"column":7}},"211":{"start":{"line":382,"column":17},"end":{"line":382,"column":32}},"212":{"start":{"line":383,"column":17},"end":{"line":383,"column":27}},"213":{"start":{"line":384,"column":6},"end":{"line":384,"column":82}},"214":{"start":{"line":384,"column":17},"end":{"line":384,"column":82}},"215":{"start":{"line":385,"column":6},"end":{"line":385,"column":65}},"216":{"start":{"line":386,"column":6},"end":{"line":386,"column":72}},"217":{"start":{"line":387,"column":6},"end":{"line":387,"column":72}},"218":{"start":{"line":388,"column":6},"end":{"line":388,"column":89}},"219":{"start":{"line":390,"column":4},"end":{"line":390,"column":13}},"220":{"start":{"line":394,"column":2},"end":{"line":394,"column":47}},"221":{"start":{"line":395,"column":2},"end":{"line":395,"column":83}},"222":{"start":{"line":396,"column":2},"end":{"line":396,"column":80}},"223":{"start":{"line":397,"column":2},"end":{"line":399,"column":5}},"224":{"start":{"line":401,"column":15},"end":{"line":401,"column":18}},"225":{"start":{"line":402,"column":15},"end":{"line":402,"column":18}},"226":{"start":{"line":403,"column":2},"end":{"line":407,"column":5}},"227":{"start":{"line":409,"column":15},"end":{"line":409,"column":26}},"228":{"start":{"line":410,"column":15},"end":{"line":410,"column":29}},"229":{"start":{"line":411,"column":2},"end":{"line":415,"column":5}},"230":{"start":{"line":417,"column":2},"end":{"line":417,"column":11}},"231":{"start":{"line":424,"column":14},"end":{"line":424,"column":26}},"232":{"start":{"line":425,"column":15},"end":{"line":439,"column":14}},"233":{"start":{"line":441,"column":2},"end":{"line":441,"column":178}},"234":{"start":{"line":445,"column":2},"end":{"line":448,"column":13}}},"fnMap":{"0":{"name":"(anonymous_0)","decl":{"start":{"line":44,"column":12},"end":{"line":44,"column":13}},"loc":{"start":{"line":45,"column":2},"end":{"line":49,"column":28}},"line":45},"1":{"name":"(anonymous_1)","decl":{"start":{"line":51,"column":12},"end":{"line":51,"column":13}},"loc":{"start":{"line":51,"column":21},"end":{"line":51,"column":80}},"line":51},"2":{"name":"(anonymous_2)","decl":{"start":{"line":52,"column":13},"end":{"line":52,"column":14}},"loc":{"start":{"line":52,"column":22},"end":{"line":52,"column":63}},"line":52},"3":{"name":"(anonymous_3)","decl":{"start":{"line":53,"column":15},"end":{"line":53,"column":16}},"loc":{"start":{"line":53,"column":24},"end":{"line":53,"column":45}},"line":53},"4":{"name":"(anonymous_4)","decl":{"start":{"line":55,"column":13},"end":{"line":55,"column":14}},"loc":{"start":{"line":55,"column":20},"end":{"line":60,"column":1}},"line":55},"5":{"name":"(anonymous_5)","decl":{"start":{"line":62,"column":19},"end":{"line":62,"column":20}},"loc":{"start":{"line":62,"column":28},"end":{"line":66,"column":1}},"line":62},"6":{"name":"(anonymous_6)","decl":{"start":{"line":68,"column":16},"end":{"line":68,"column":17}},"loc":{"start":{"line":68,"column":25},"end":{"line":71,"column":1}},"line":68},"7":{"name":"(anonymous_7)","decl":{"start":{"line":73,"column":13},"end":{"line":73,"column":14}},"loc":{"start":{"line":73,"column":37},"end":{"line":86,"column":1}},"line":73},"8":{"name":"(anonymous_8)","decl":{"start":{"line":88,"column":13},"end":{"line":88,"column":14}},"loc":{"start":{"line":88,"column":40},"end":{"line":91,"column":1}},"line":88},"9":{"name":"(anonymous_9)","decl":{"start":{"line":93,"column":13},"end":{"line":93,"column":14}},"loc":{"start":{"line":93,"column":44},"end":{"line":98,"column":1}},"line":93},"10":{"name":"(anonymous_10)","decl":{"start":{"line":101,"column":17},"end":{"line":101,"column":18}},"loc":{"start":{"line":101,"column":60},"end":{"line":119,"column":1}},"line":101},"11":{"name":"header","decl":{"start":{"line":124,"column":9},"end":{"line":124,"column":15}},"loc":{"start":{"line":124,"column":27},"end":{"line":185,"column":1}},"line":124},"12":{"name":"(anonymous_12)","decl":{"start":{"line":134,"column":15},"end":{"line":134,"column":16}},"loc":{"start":{"line":134,"column":35},"end":{"line":139,"column":3}},"line":134},"13":{"name":"grid","decl":{"start":{"line":187,"column":9},"end":{"line":187,"column":13}},"loc":{"start":{"line":187,"column":16},"end":{"line":255,"column":1}},"line":187},"14":{"name":"(anonymous_14)","decl":{"start":{"line":225,"column":15},"end":{"line":225,"column":16}},"loc":{"start":{"line":225,"column":25},"end":{"line":234,"column":3}},"line":225},"15":{"name":"(anonymous_15)","decl":{"start":{"line":245,"column":19},"end":{"line":245,"column":20}},"loc":{"start":{"line":245,"column":29},"end":{"line":250,"column":7}},"line":245},"16":{"name":"dutyLine","decl":{"start":{"line":257,"column":9},"end":{"line":257,"column":17}},"loc":{"start":{"line":257,"column":23},"end":{"line":291,"column":1}},"line":257},"17":{"name":"(anonymous_17)","decl":{"start":{"line":258,"column":48},"end":{"line":258,"column":49}},"loc":{"start":{"line":258,"column":58},"end":{"line":258,"column":83}},"line":258},"18":{"name":"(anonymous_18)","decl":{"start":{"line":265,"column":18},"end":{"line":265,"column":19}},"loc":{"start":{"line":265,"column":25},"end":{"line":277,"column":3}},"line":265},"19":{"name":"(anonymous_19)","decl":{"start":{"line":283,"column":18},"end":{"line":283,"column":19}},"loc":{"start":{"line":283,"column":28},"end":{"line":288,"column":3}},"line":283},"20":{"name":"totalsColumn","decl":{"start":{"line":293,"column":9},"end":{"line":293,"column":21}},"loc":{"start":{"line":293,"column":27},"end":{"line":313,"column":1}},"line":293},"21":{"name":"(anonymous_21)","decl":{"start":{"line":296,"column":15},"end":{"line":296,"column":16}},"loc":{"start":{"line":296,"column":25},"end":{"line":306,"column":3}},"line":296},"22":{"name":"remarks","decl":{"start":{"line":315,"column":9},"end":{"line":315,"column":16}},"loc":{"start":{"line":315,"column":22},"end":{"line":365,"column":1}},"line":315},"23":{"name":"(anonymous_23)","decl":{"start":{"line":332,"column":43},"end":{"line":332,"column":44}},"loc":{"start":{"line":332,"column":50},"end":{"line":332,"column":81}},"line":332},"24":{"name":"(anonymous_24)","decl":{"start":{"line":334,"column":29},"end":{"line":334,"column":30}},"loc":{"start":{"line":334,"column":39},"end":{"line":344,"column":3}},"line":334},"25":{"name":"recapBlock","decl":{"start":{"line":367,"column":9},"end":{"line":367,"column":19}},"loc":{"start":{"line":367,"column":30},"end":{"line":418,"column":1}},"line":367},"26":{"name":"(anonymous_26)","decl":{"start":{"line":377,"column":14},"end":{"line":377,"column":15}},"loc":{"start":{"line":377,"column":37},"end":{"line":391,"column":3}},"line":377},"27":{"name":"(anonymous_27)","decl":{"start":{"line":381,"column":17},"end":{"line":381,"column":18}},"loc":{"start":{"line":381,"column":27},"end":{"line":389,"column":5}},"line":381},"28":{"name":"renderLogSheet","decl":{"start":{"line":423,"column":16},"end":{"line":423,"column":30}},"loc":{"start":{"line":423,"column":47},"end":{"line":442,"column":1}},"line":423},"29":{"name":"logSheetHTML","decl":{"start":{"line":444,"column":16},"end":{"line":444,"column":28}},"loc":{"start":{"line":444,"column":40},"end":{"line":449,"column":1}},"line":444}},"branchMap":{"0":{"loc":{"start":{"line":45,"column":9},"end":{"line":45,"column":16}},"type":"binary-expr","locations":[{"start":{"line":45,"column":9},"end":{"line":45,"column":10}},{"start":{"line":45,"column":14},"end":{"line":45,"column":16}}],"line":45},"1":{"loc":{"start":{"line":73,"column":23},"end":{"line":73,"column":32}},"type":"default-arg","locations":[{"start":{"line":73,"column":30},"end":{"line":73,"column":32}}],"line":73},"2":{"loc":{"start":{"line":75,"column":4},"end":{"line":75,"column":13}},"type":"default-arg","locations":[{"start":{"line":75,"column":11},"end":{"line":75,"column":13}}],"line":75},"3":{"loc":{"start":{"line":76,"column":4},"end":{"line":76,"column":16}},"type":"default-arg","locations":[{"start":{"line":76,"column":13},"end":{"line":76,"column":16}}],"line":76},"4":{"loc":{"start":{"line":77,"column":4},"end":{"line":77,"column":20}},"type":"default-arg","locations":[{"start":{"line":77,"column":13},"end":{"line":77,"column":20}}],"line":77},"5":{"loc":{"start":{"line":78,"column":4},"end":{"line":78,"column":14}},"type":"default-arg","locations":[{"start":{"line":78,"column":11},"end":{"line":78,"column":14}}],"line":78},"6":{"loc":{"start":{"line":79,"column":4},"end":{"line":79,"column":50}},"type":"default-arg","locations":[{"start":{"line":79,"column":13},"end":{"line":79,"column":50}}],"line":79},"7":{"loc":{"start":{"line":80,"column":4},"end":{"line":80,"column":14}},"type":"default-arg","locations":[{"start":{"line":80,"column":13},"end":{"line":80,"column":14}}],"line":80},"8":{"loc":{"start":{"line":81,"column":4},"end":{"line":81,"column":18}},"type":"default-arg","locations":[{"start":{"line":81,"column":16},"end":{"line":81,"column":18}}],"line":81},"9":{"loc":{"start":{"line":84,"column":4},"end":{"line":84,"column":47}},"type":"cond-expr","locations":[{"start":{"line":84,"column":13},"end":{"line":84,"column":42}},{"start":{"line":84,"column":45},"end":{"line":84,"column":47}}],"line":84},"10":{"loc":{"start":{"line":85,"column":5},"end":{"line":85,"column":49}},"type":"cond-expr","locations":[{"start":{"line":85,"column":17},"end":{"line":85,"column":44}},{"start":{"line":85,"column":47},"end":{"line":85,"column":49}}],"line":85},"11":{"loc":{"start":{"line":88,"column":26},"end":{"line":88,"column":35}},"type":"default-arg","locations":[{"start":{"line":88,"column":33},"end":{"line":88,"column":35}}],"line":88},"12":{"loc":{"start":{"line":89,"column":10},"end":{"line":89,"column":23}},"type":"default-arg","locations":[{"start":{"line":89,"column":19},"end":{"line":89,"column":23}}],"line":89},"13":{"loc":{"start":{"line":89,"column":25},"end":{"line":89,"column":38}},"type":"default-arg","locations":[{"start":{"line":89,"column":32},"end":{"line":89,"column":38}}],"line":89},"14":{"loc":{"start":{"line":89,"column":40},"end":{"line":89,"column":46}},"type":"default-arg","locations":[{"start":{"line":89,"column":45},"end":{"line":89,"column":46}}],"line":89},"15":{"loc":{"start":{"line":93,"column":30},"end":{"line":93,"column":39}},"type":"default-arg","locations":[{"start":{"line":93,"column":37},"end":{"line":93,"column":39}}],"line":93},"16":{"loc":{"start":{"line":94,"column":10},"end":{"line":94,"column":23}},"type":"default-arg","locations":[{"start":{"line":94,"column":19},"end":{"line":94,"column":23}}],"line":94},"17":{"loc":{"start":{"line":94,"column":25},"end":{"line":94,"column":31}},"type":"default-arg","locations":[{"start":{"line":94,"column":30},"end":{"line":94,"column":31}}],"line":94},"18":{"loc":{"start":{"line":94,"column":33},"end":{"line":94,"column":42}},"type":"default-arg","locations":[{"start":{"line":94,"column":40},"end":{"line":94,"column":42}}],"line":94},"19":{"loc":{"start":{"line":96,"column":4},"end":{"line":96,"column":45}},"type":"cond-expr","locations":[{"start":{"line":96,"column":11},"end":{"line":96,"column":40}},{"start":{"line":96,"column":43},"end":{"line":96,"column":45}}],"line":96},"20":{"loc":{"start":{"line":101,"column":46},"end":{"line":101,"column":55}},"type":"default-arg","locations":[{"start":{"line":101,"column":53},"end":{"line":101,"column":55}}],"line":101},"21":{"loc":{"start":{"line":102,"column":10},"end":{"line":102,"column":24}},"type":"default-arg","locations":[{"start":{"line":102,"column":22},"end":{"line":102,"column":24}}],"line":102},"22":{"loc":{"start":{"line":102,"column":26},"end":{"line":102,"column":45}},"type":"default-arg","locations":[{"start":{"line":102,"column":41},"end":{"line":102,"column":45}}],"line":102},"23":{"loc":{"start":{"line":104,"column":2},"end":{"line":110,"column":3}},"type":"if","locations":[{"start":{"line":104,"column":2},"end":{"line":110,"column":3}},{"start":{},"end":{}}],"line":104},"24":{"loc":{"start":{"line":111,"column":2},"end":{"line":117,"column":3}},"type":"if","locations":[{"start":{"line":111,"column":2},"end":{"line":117,"column":3}},{"start":{},"end":{}}],"line":111},"25":{"loc":{"start":{"line":163,"column":24},"end":{"line":163,"column":63}},"type":"binary-expr","locations":[{"start":{"line":163,"column":24},"end":{"line":163,"column":38}},{"start":{"line":163,"column":42},"end":{"line":163,"column":57}},{"start":{"line":163,"column":61},"end":{"line":163,"column":63}}],"line":163},"26":{"loc":{"start":{"line":167,"column":21},"end":{"line":167,"column":56}},"type":"binary-expr","locations":[{"start":{"line":167,"column":21},"end":{"line":167,"column":33}},{"start":{"line":167,"column":37},"end":{"line":167,"column":50}},{"start":{"line":167,"column":54},"end":{"line":167,"column":56}}],"line":167},"27":{"loc":{"start":{"line":172,"column":68},"end":{"line":172,"column":90}},"type":"binary-expr","locations":[{"start":{"line":172,"column":68},"end":{"line":172,"column":85}},{"start":{"line":172,"column":89},"end":{"line":172,"column":90}}],"line":172},"28":{"loc":{"start":{"line":173,"column":68},"end":{"line":173,"column":90}},"type":"binary-expr","locations":[{"start":{"line":173,"column":68},"end":{"line":173,"column":85}},{"start":{"line":173,"column":89},"end":{"line":173,"column":90}}],"line":173},"29":{"loc":{"start":{"line":174,"column":89},"end":{"line":174,"column":112}},"type":"binary-expr","locations":[{"start":{"line":174,"column":89},"end":{"line":174,"column":106}},{"start":{"line":174,"column":110},"end":{"line":174,"column":112}}],"line":174},"30":{"loc":{"start":{"line":177,"column":113},"end":{"line":177,"column":136}},"type":"binary-expr","locations":[{"start":{"line":177,"column":113},"end":{"line":177,"column":130}},{"start":{"line":177,"column":134},"end":{"line":177,"column":136}}],"line":177},"31":{"loc":{"start":{"line":178,"column":82},"end":{"line":178,"column":104}},"type":"binary-expr","locations":[{"start":{"line":178,"column":82},"end":{"line":178,"column":98}},{"start":{"line":178,"column":102},"end":{"line":178,"column":104}}],"line":178},"32":{"loc":{"start":{"line":181,"column":62},"end":{"line":181,"column":84}},"type":"binary-expr","locations":[{"start":{"line":181,"column":62},"end":{"line":181,"column":78}},{"start":{"line":181,"column":82},"end":{"line":181,"column":84}}],"line":181},"33":{"loc":{"start":{"line":182,"column":84},"end":{"line":182,"column":108}},"type":"binary-expr","locations":[{"start":{"line":182,"column":84},"end":{"line":182,"column":102}},{"start":{"line":182,"column":106},"end":{"line":182,"column":108}}],"line":182},"34":{"loc":{"start":{"line":201,"column":4},"end":{"line":211,"column":5}},"type":"if","locations":[{"start":{"line":201,"column":4},"end":{"line":211,"column":5}},{"start":{"line":204,"column":11},"end":{"line":211,"column":5}}],"line":201},"35":{"loc":{"start":{"line":206,"column":14},"end":{"line":206,"column":42}},"type":"cond-expr","locations":[{"start":{"line":206,"column":33},"end":{"line":206,"column":36}},{"start":{"line":206,"column":39},"end":{"line":206,"column":42}}],"line":206},"36":{"loc":{"start":{"line":229,"column":4},"end":{"line":229,"column":58}},"type":"if","locations":[{"start":{"line":229,"column":4},"end":{"line":229,"column":58}},{"start":{},"end":{}}],"line":229},"37":{"loc":{"start":{"line":231,"column":4},"end":{"line":233,"column":5}},"type":"if","locations":[{"start":{"line":231,"column":4},"end":{"line":233,"column":5}},{"start":{},"end":{}}],"line":231},"38":{"loc":{"start":{"line":239,"column":57},"end":{"line":239,"column":80}},"type":"cond-expr","locations":[{"start":{"line":239,"column":71},"end":{"line":239,"column":74}},{"start":{"line":239,"column":77},"end":{"line":239,"column":80}}],"line":239},"39":{"loc":{"start":{"line":240,"column":4},"end":{"line":240,"column":24}},"type":"if","locations":[{"start":{"line":240,"column":4},"end":{"line":240,"column":24}},{"start":{},"end":{}}],"line":240},"40":{"loc":{"start":{"line":247,"column":20},"end":{"line":247,"column":57}},"type":"cond-expr","locations":[{"start":{"line":247,"column":30},"end":{"line":247,"column":42}},{"start":{"line":247,"column":45},"end":{"line":247,"column":57}}],"line":247},"41":{"loc":{"start":{"line":258,"column":23},"end":{"line":258,"column":40}},"type":"binary-expr","locations":[{"start":{"line":258,"column":23},"end":{"line":258,"column":34}},{"start":{"line":258,"column":38},"end":{"line":258,"column":40}}],"line":258},"42":{"loc":{"start":{"line":259,"column":2},"end":{"line":259,"column":33}},"type":"if","locations":[{"start":{"line":259,"column":2},"end":{"line":259,"column":33}},{"start":{},"end":{}}],"line":259},"43":{"loc":{"start":{"line":269,"column":4},"end":{"line":274,"column":5}},"type":"if","locations":[{"start":{"line":269,"column":4},"end":{"line":274,"column":5}},{"start":{"line":272,"column":11},"end":{"line":274,"column":5}}],"line":269},"44":{"loc":{"start":{"line":269,"column":8},"end":{"line":269,"column":51}},"type":"binary-expr","locations":[{"start":{"line":269,"column":8},"end":{"line":269,"column":21}},{"start":{"line":269,"column":25},"end":{"line":269,"column":51}}],"line":269},"45":{"loc":{"start":{"line":272,"column":11},"end":{"line":274,"column":5}},"type":"if","locations":[{"start":{"line":272,"column":11},"end":{"line":274,"column":5}},{"start":{},"end":{}}],"line":272},"46":{"loc":{"start":{"line":284,"column":4},"end":{"line":284,"column":24}},"type":"if","locations":[{"start":{"line":284,"column":4},"end":{"line":284,"column":24}},{"start":{},"end":{}}],"line":284},"47":{"loc":{"start":{"line":298,"column":4},"end":{"line":298,"column":53}},"type":"if","locations":[{"start":{"line":298,"column":4},"end":{"line":298,"column":53}},{"start":{},"end":{}}],"line":298},"48":{"loc":{"start":{"line":299,"column":14},"end":{"line":299,"column":38}},"type":"binary-expr","locations":[{"start":{"line":299,"column":14},"end":{"line":299,"column":33}},{"start":{"line":299,"column":37},"end":{"line":299,"column":38}}],"line":299},"49":{"loc":{"start":{"line":303,"column":14},"end":{"line":303,"column":31}},"type":"cond-expr","locations":[{"start":{"line":303,"column":22},"end":{"line":303,"column":25}},{"start":{"line":303,"column":28},"end":{"line":303,"column":31}}],"line":303},"50":{"loc":{"start":{"line":304,"column":12},"end":{"line":304,"column":31}},"type":"cond-expr","locations":[{"start":{"line":304,"column":20},"end":{"line":304,"column":23}},{"start":{"line":304,"column":26},"end":{"line":304,"column":31}}],"line":304},"51":{"loc":{"start":{"line":308,"column":39},"end":{"line":308,"column":60}},"type":"binary-expr","locations":[{"start":{"line":308,"column":39},"end":{"line":308,"column":54}},{"start":{"line":308,"column":58},"end":{"line":308,"column":60}}],"line":308},"52":{"loc":{"start":{"line":327,"column":4},"end":{"line":329,"column":5}},"type":"if","locations":[{"start":{"line":327,"column":4},"end":{"line":329,"column":5}},{"start":{},"end":{}}],"line":327},"53":{"loc":{"start":{"line":327,"column":8},"end":{"line":327,"column":34}},"type":"binary-expr","locations":[{"start":{"line":327,"column":8},"end":{"line":327,"column":19}},{"start":{"line":327,"column":23},"end":{"line":327,"column":34}}],"line":327},"54":{"loc":{"start":{"line":332,"column":17},"end":{"line":332,"column":34}},"type":"binary-expr","locations":[{"start":{"line":332,"column":17},"end":{"line":332,"column":28}},{"start":{"line":332,"column":32},"end":{"line":332,"column":34}}],"line":332},"55":{"loc":{"start":{"line":332,"column":50},"end":{"line":332,"column":81}},"type":"binary-expr","locations":[{"start":{"line":332,"column":50},"end":{"line":332,"column":56}},{"start":{"line":332,"column":60},"end":{"line":332,"column":81}}],"line":332},"56":{"loc":{"start":{"line":341,"column":4},"end":{"line":343,"column":5}},"type":"if","locations":[{"start":{"line":341,"column":4},"end":{"line":343,"column":5}},{"start":{},"end":{}}],"line":341},"57":{"loc":{"start":{"line":368,"column":14},"end":{"line":368,"column":29}},"type":"binary-expr","locations":[{"start":{"line":368,"column":14},"end":{"line":368,"column":23}},{"start":{"line":368,"column":27},"end":{"line":368,"column":29}}],"line":368},"58":{"loc":{"start":{"line":384,"column":6},"end":{"line":384,"column":82}},"type":"if","locations":[{"start":{"line":384,"column":6},"end":{"line":384,"column":82}},{"start":{},"end":{}}],"line":384},"59":{"loc":{"start":{"line":397,"column":32},"end":{"line":397,"column":54}},"type":"binary-expr","locations":[{"start":{"line":397,"column":32},"end":{"line":397,"column":49}},{"start":{"line":397,"column":53},"end":{"line":397,"column":54}}],"line":397},"60":{"loc":{"start":{"line":404,"column":69},"end":{"line":404,"column":88}},"type":"binary-expr","locations":[{"start":{"line":404,"column":69},"end":{"line":404,"column":83}},{"start":{"line":404,"column":87},"end":{"line":404,"column":88}}],"line":404},"61":{"loc":{"start":{"line":405,"column":77},"end":{"line":405,"column":104}},"type":"binary-expr","locations":[{"start":{"line":405,"column":77},"end":{"line":405,"column":99}},{"start":{"line":405,"column":103},"end":{"line":405,"column":104}}],"line":405},"62":{"loc":{"start":{"line":423,"column":36},"end":{"line":423,"column":45}},"type":"default-arg","locations":[{"start":{"line":423,"column":43},"end":{"line":423,"column":45}}],"line":423}},"s":{"0":1,"1":1,"2":1,"3":1,"4":1,"5":1,"6":1,"7":1,"8":1,"9":1,"10":1,"11":1,"12":1,"13":1,"14":1,"15":1,"16":1,"17":1,"18":1,"19":936,"20":1,"21":1340,"22":1,"23":91,"24":1,"25":91,"26":1,"27":64,"28":64,"29":64,"30":64,"31":1,"32":32,"33":32,"34":32,"35":1,"36":8,"37":8,"38":1,"39":928,"40":928,"41":1,"42":88,"43":88,"44":1,"45":5232,"46":5232,"47":1,"48":56,"49":56,"50":56,"51":56,"52":56,"53":32,"54":56,"55":8,"56":8,"57":8,"58":8,"59":8,"60":8,"61":8,"62":24,"63":24,"64":24,"65":24,"66":8,"67":8,"68":8,"69":8,"70":8,"71":8,"72":8,"73":8,"74":8,"75":8,"76":8,"77":8,"78":8,"79":8,"80":8,"81":8,"82":8,"83":8,"84":8,"85":8,"86":8,"87":8,"88":8,"89":8,"90":8,"91":8,"92":8,"93":8,"94":8,"95":8,"96":8,"97":8,"98":192,"99":192,"100":192,"101":8,"102":8,"103":184,"104":8,"105":8,"106":8,"107":8,"108":8,"109":8,"110":32,"111":32,"112":32,"113":32,"114":24,"115":32,"116":8,"117":8,"118":8,"119":200,"120":200,"121":200,"122":8,"123":192,"124":192,"125":576,"126":576,"127":2304,"128":2304,"129":2304,"130":2304,"131":200,"132":8,"133":42,"134":8,"135":1,"136":7,"137":7,"138":7,"139":7,"140":49,"141":49,"142":49,"143":49,"144":42,"145":7,"146":7,"147":49,"148":49,"149":7,"150":7,"151":7,"152":49,"153":7,"154":42,"155":42,"156":42,"157":7,"158":8,"159":8,"160":8,"161":32,"162":32,"163":24,"164":32,"165":32,"166":8,"167":8,"168":8,"169":8,"170":8,"171":8,"172":8,"173":8,"174":8,"175":8,"176":200,"177":200,"178":200,"179":8,"180":32,"181":8,"182":32,"183":32,"184":32,"185":32,"186":32,"187":32,"188":32,"189":32,"190":8,"191":8,"192":8,"193":8,"194":8,"195":8,"196":8,"197":8,"198":8,"199":8,"200":8,"201":8,"202":8,"203":8,"204":8,"205":8,"206":8,"207":16,"208":16,"209":16,"210":16,"211":48,"212":48,"213":48,"214":32,"215":48,"216":48,"217":48,"218":48,"219":16,"220":8,"221":8,"222":8,"223":8,"224":8,"225":8,"226":8,"227":8,"228":8,"229":8,"230":8,"231":8,"232":8,"233":8,"234":1},"f":{"0":936,"1":1340,"2":91,"3":91,"4":64,"5":32,"6":8,"7":928,"8":88,"9":5232,"10":56,"11":8,"12":24,"13":8,"14":32,"15":2304,"16":8,"17":42,"18":49,"19":49,"20":8,"21":32,"22":8,"23":32,"24":32,"25":8,"26":16,"27":48,"28":8,"29":1},"b":{"0":[936,0],"1":[928],"2":[928],"3":[928],"4":[928],"5":[928],"6":[928],"7":[928],"8":[928],"9":[0,928],"10":[0,928],"11":[88],"12":[88],"13":[88],"14":[88],"15":[5232],"16":[5232],"17":[5232],"18":[5232],"19":[0,5232],"20":[56],"21":[56],"22":[56],"23":[56,0],"24":[32,24],"25":[8,0,0],"26":[8,0,0],"27":[8,0],"28":[8,0],"29":[8,2],"30":[8,3],"31":[8,8],"32":[8,3],"33":[8,8],"34":[8,184],"35":[8,176],"36":[24,8],"37":[8,24],"38":[40,160],"39":[8,192],"40":[768,1536],"41":[8,0],"42":[1,7],"43":[42,7],"44":[49,42],"45":[7,0],"46":[7,42],"47":[24,8],"48":[32,0],"49":[28,4],"50":[28,4],"51":[8,0],"52":[200,0],"53":[200,200],"54":[8,0],"55":[32,32],"56":[32,0],"57":[8,0],"58":[32,16],"59":[8,0],"60":[8,0],"61":[8,0],"62":[8]},"meta":{"lastBranch":63,"lastFunction":30,"lastStatement":235,"seen":{"s:13:23:13:27":0,"s:14:23:14:26":1,"s:16:10:16:12":2,"s:17:15:17:18":3,"s:18:15:18:18":4,"s:19:15:19:30":5,"s:20:16:20:27":6,"s:21:14:21:16":7,"s:22:14:22:16":8,"s:23:17:23:20":9,"s:24:20:24:48":10,"s:26:13:31:1":11,"s:33:18:33:48":12,"s:35:12:35:21":13,"s:36:13:36:22":14,"s:37:14:37:23":15,"s:38:13:38:22":16,"s:39:15:39:16":17,"s:44:12:49:28":18,"f:44:12:44:13":0,"s:45:2:49:28":19,"b:45:9:45:10:45:14:45:16":0,"s:51:12:51:80":20,"f:51:12:51:13":1,"s:51:21:51:80":21,"s:52:13:52:63":22,"f:52:13:52:14":2,"s:52:22:52:63":23,"s:53:15:53:45":24,"f:53:15:53:16":3,"s:53:24:53:45":25,"s:55:13:60:1":26,"f:55:13:55:14":4,"s:56:16:56:34":27,"s:57:13:57:35":28,"s:58:13:58:23":29,"s:59:2:59:48":30,"s:62:19:66:1":31,"f:62:19:62:20":5,"s:63:12:63:32":32,"s:64:12:64:32":33,"s:65:2:65:71":34,"s:68:16:71:1":35,"f:68:16:68:17":6,"s:69:20:69:42":36,"s:70:2:70:21":37,"s:73:13:86:1":38,"f:73:13:73:14":7,"b:73:30:73:32":1,"s:82:6:82:10":39,"b:75:11:75:13":2,"b:76:13:76:16":3,"b:77:13:77:20":4,"b:78:11:78:14":5,"b:79:13:79:50":6,"b:80:13:80:14":7,"b:81:16:81:18":8,"s:83:2:85:69":40,"b:84:13:84:42:84:45:84:47":9,"b:85:17:85:44:85:47:85:49":10,"s:88:13:91:1":41,"f:88:13:88:14":8,"b:88:33:88:35":11,"s:89:51:89:55":42,"b:89:19:89:23":12,"b:89:32:89:38":13,"b:89:45:89:46":14,"s:90:2:90:119":43,"s:93:13:98:1":44,"f:93:13:93:14":9,"b:93:37:93:39":15,"s:94:47:94:51":45,"b:94:19:94:23":16,"b:94:30:94:31":17,"b:94:40:94:42":18,"s:95:2:97:7":46,"b:96:11:96:40:96:43:96:45":19,"s:101:17:119:1":47,"f:101:17:101:18":10,"b:101:53:101:55":20,"s:102:50:102:54":48,"b:102:22:102:24":21,"b:102:41:102:45":22,"s:103:12:103:28":49,"b:104:2:110:3:undefined:undefined:undefined:undefined":23,"s:104:2:110:3":50,"s:105:4:109:7":51,"b:111:2:117:3:undefined:undefined:undefined:undefined":24,"s:111:2:117:3":52,"s:112:4:116:7":53,"s:118:2:118:13":54,"f:124:9:124:15":11,"s:125:22:125:39":55,"s:126:10:126:12":56,"s:128:2:128:72":57,"s:129:2:129:67":58,"s:132:13:132:16":59,"s:133:13:133:19":60,"s:134:15:139:3":61,"f:134:15:134:16":12,"s:135:12:135:45":62,"s:136:4:136:83":63,"s:137:4:137:89":64,"s:138:4:138:13":65,"s:140:2:140:34":66,"s:141:2:141:61":67,"s:142:2:142:37":68,"s:143:2:143:62":69,"s:144:2:144:39":70,"s:146:2:151:4":71,"s:152:2:157:4":72,"s:160:13:160:19":73,"s:161:2:161:56":74,"s:162:2:162:41":75,"s:163:2:163:79":76,"b:163:24:163:38:163:42:163:57:163:61:163:63":25,"s:165:2:165:56":77,"s:166:2:166:46":78,"s:167:2:167:72":79,"b:167:21:167:33:167:37:167:50:167:54:167:56":26,"s:170:13:170:19":80,"s:171:13:171:15":81,"s:172:2:172:93":82,"b:172:68:172:85:172:89:172:90":27,"s:173:2:173:93":83,"b:173:68:173:85:173:89:173:90":28,"s:174:2:174:114":84,"b:174:89:174:106:174:110:174:112":29,"s:176:14:176:26":85,"s:177:2:177:138":86,"b:177:113:177:130:177:134:177:136":30,"s:178:2:178:106":87,"b:178:82:178:98:178:102:178:104":31,"s:180:14:180:27":88,"s:181:2:181:86":89,"b:181:62:181:78:181:82:181:84":32,"s:182:2:182:110":90,"b:182:84:182:102:182:106:182:108":33,"s:184:2:184:11":91,"f:187:9:187:13":13,"s:188:10:188:12":92,"s:191:2:191:98":93,"s:192:2:192:70":94,"s:194:17:197:3":95,"s:198:2:212:3":96,"s:198:15:198:16":97,"s:199:15:199:31":98,"s:200:18:200:27":99,"b:201:4:211:5:204:11:211:5":34,"s:201:4:211:5":100,"s:202:6:202:89":101,"s:203:6:203:93":102,"s:205:6:210:9":103,"b:206:33:206:36:206:39:206:42":35,"s:214:2:214:72":104,"s:215:2:215:76":105,"s:218:2:218:92":106,"s:219:2:221:5":107,"s:222:2:222:70":108,"s:225:2:234:5":109,"f:225:15:225:16":14,"s:226:14:226:42":110,"s:227:4:227:69":111,"s:228:4:228:65":112,"b:229:4:229:58:undefined:undefined:undefined:undefined":36,"s:229:4:229:58":113,"s:229:15:229:58":114,"b:231:4:233:5:undefined:undefined:undefined:undefined":37,"s:231:4:233:5":115,"s:232:6:232:111":116,"s:237:2:252:3":117,"s:237:15:237:16":118,"s:238:14:238:25":119,"s:239:4:239:98":120,"b:239:71:239:74:239:77:239:80":38,"b:240:4:240:24:undefined:undefined:undefined:undefined":39,"s:240:4:240:24":121,"s:240:18:240:24":122,"s:241:4:251:5":123,"s:241:17:241:18":124,"s:242:17:242:37":125,"s:245:6:250:9":126,"f:245:19:245:20":15,"s:246:19:246:47":127,"s:247:20:247:57":128,"b:247:30:247:42:247:45:247:57":40,"s:248:8:248:68":129,"s:249:8:249:84":130,"s:254:2:254:11":131,"f:257:9:257:17":16,"s:258:18:258:84":132,"b:258:23:258:34:258:38:258:40":41,"f:258:48:258:49":17,"s:258:58:258:83":133,"b:259:2:259:33:undefined:undefined:undefined:undefined":42,"s:259:2:259:33":134,"s:259:23:259:33":135,"s:261:13:261:15":136,"s:262:13:262:17":137,"s:263:14:263:16":138,"s:265:2:277:5":139,"f:265:18:265:19":18,"s:266:14:266:30":140,"s:267:15:267:31":141,"s:268:15:268:29":142,"b:269:4:274:5:272:11:274:5":43,"s:269:4:274:5":143,"b:269:8:269:21:269:25:269:51":44,"s:271:6:271:53":144,"b:272:11:274:5:undefined:undefined:undefined:undefined":45,"s:272:11:274:5":145,"s:273:6:273:53":146,"s:275:4:275:51":147,"s:276:4:276:24":148,"s:279:2:279:140":149,"s:282:14:282:16":150,"s:283:2:288:5":151,"f:283:18:283:19":19,"b:284:4:284:24:undefined:undefined:undefined:undefined":46,"s:284:4:284:24":152,"s:284:17:284:24":153,"s:285:14:285:30":154,"s:286:14:286:30":155,"s:287:4:287:90":156,"s:290:2:290:22":157,"f:293:9:293:21":20,"s:294:10:294:12":158,"s:295:13:295:54":159,"s:296:2:306:5":160,"f:296:15:296:16":21,"s:297:14:297:42":161,"b:298:4:298:53:undefined:undefined:undefined:undefined":47,"s:298:4:298:53":162,"s:298:15:298:53":163,"s:299:14:299:38":164,"b:299:14:299:33:299:37:299:38":48,"s:300:4:305:7":165,"b:303:22:303:25:303:28:303:31":49,"b:304:20:304:23:304:26:304:31":50,"s:308:2:310:5":166,"b:308:39:308:54:308:58:308:60":51,"s:311:2:311:81":167,"s:312:2:312:11":168,"f:315:9:315:16":22,"s:316:14:316:30":169,"s:317:12:317:15":170,"s:318:10:318:12":171,"s:320:2:320:63":172,"s:321:2:321:46":173,"s:325:2:330:3":174,"s:325:16:325:17":175,"s:326:14:326:26":176,"b:327:4:329:5:undefined:undefined:undefined:undefined":52,"s:327:4:329:5":177,"b:327:8:327:19:327:23:327:34":53,"s:328:6:328:64":178,"s:332:16:332:82":179,"b:332:17:332:28:332:32:332:34":54,"f:332:43:332:44":23,"s:332:50:332:81":180,"b:332:50:332:56:332:60:332:81":55,"s:334:2:344:5":181,"f:334:29:334:30":24,"s:335:14:335:74":182,"s:336:17:336:22":183,"s:337:14:337:34":184,"s:338:4:338:68":185,"s:339:4:339:70":186,"s:340:4:340:96":187,"b:341:4:343:5:undefined:undefined:undefined:undefined":56,"s:341:4:343:5":188,"s:342:6:342:76":189,"s:346:2:351:4":190,"s:352:2:354:5":191,"s:357:2:357:65":192,"s:358:2:358:67":193,"s:359:2:359:61":194,"s:360:2:360:80":195,"s:361:2:361:61":196,"s:362:2:362:80":197,"s:364:2:364:42":198,"f:367:9:367:19":25,"s:368:14:368:29":199,"b:368:14:368:23:368:27:368:29":57,"s:369:10:369:12":200,"s:370:12:370:14":201,"s:371:2:371:36":202,"s:373:2:373:67":203,"s:374:2:374:74":204,"s:375:2:375:73":205,"s:377:14:391:3":206,"f:377:14:377:15":26,"s:378:12:378:47":207,"s:379:4:379:86":208,"s:380:4:380:57":209,"s:381:4:389:7":210,"f:381:17:381:18":27,"s:382:17:382:32":211,"s:383:17:383:27":212,"b:384:6:384:82:undefined:undefined:undefined:undefined":58,"s:384:6:384:82":213,"s:384:17:384:82":214,"s:385:6:385:65":215,"s:386:6:386:72":216,"s:387:6:387:72":217,"s:388:6:388:89":218,"s:390:4:390:13":219,"s:394:2:394:47":220,"s:395:2:395:83":221,"s:396:2:396:80":222,"s:397:2:399:5":223,"b:397:32:397:49:397:53:397:54":59,"s:401:15:401:18":224,"s:402:15:402:18":225,"s:403:2:407:5":226,"b:404:69:404:83:404:87:404:88":60,"b:405:77:405:99:405:103:405:104":61,"s:409:15:409:26":227,"s:410:15:410:29":228,"s:411:2:415:5":229,"s:417:2:417:11":230,"f:423:16:423:30":28,"b:423:43:423:45":62,"s:424:14:424:26":231,"s:425:15:439:14":232,"s:441:2:441:178":233,"f:444:16:444:28":29,"s:445:2:448:13":234},"fnNames":{}}}
}
